#-----------------------------------------------------------
# Vivado v2018.3 (64-bit)
# SW Build 2405991 on Thu Dec  6 23:38:27 MST 2018
# IP Build 2404404 on Fri Dec  7 01:43:56 MST 2018
# Start of session at: Mon Nov  1 12:26:14 2021
# Process ID: 6668
# Current directory: D:/decoder_38
# Command line: vivado.exe -gui_launcher_event rodinguilauncherevent9072 D:\decoder_38\decoder_38.xpr
# Log file: D:/decoder_38/vivado.log
# Journal file: D:/decoder_38\vivado.jou
#-----------------------------------------------------------
start_gui
open_project D:/decoder_38/decoder_38.xpr
Scanning sources...
Finished scanning sources
INFO: [IP_Flow 19-234] Refreshing IP repositories
INFO: [IP_Flow 19-1704] No user IP repositories specified
INFO: [IP_Flow 19-2313] Loaded Vivado IP repository 'C:/Xilinx/Vivado/2018.3/data/ip'.
update_compile_order -fileset sources_1
export_ip_user_files -of_objects  [get_files {{D:/diglogic-2021/pkg/实验1 3-8译码器实现/decoder_38/decoder_38.v}}] -no_script -reset -force -quiet
remove_files  {{D:/diglogic-2021/pkg/实验1 3-8译码器实现/decoder_38/decoder_38.v}}
export_ip_user_files -of_objects  [get_files {{D:/diglogic-2021/pkg/实验1 3-8译码器实现/decoder_38/testbench.v}}] -no_script -reset -force -quiet
remove_files  -fileset sim_1 {{D:/diglogic-2021/pkg/实验1 3-8译码器实现/decoder_38/testbench.v}}
exit
INFO: [Common 17-206] Exiting Vivado at Mon Nov  1 12:27:48 2021...
