#-----------------------------------------------------------
# Vivado v2018.3 (64-bit)
# SW Build 2405991 on Thu Dec  6 23:38:27 MST 2018
# IP Build 2404404 on Fri Dec  7 01:43:56 MST 2018
# Start of session at: Mon Nov  1 12:24:52 2021
# Process ID: 3868
# Current directory: D:/decoder_38
# Command line: vivado.exe -gui_launcher_event rodinguilauncherevent1328 D:\decoder_38\decoder_38.xpr
# Log file: D:/decoder_38/vivado.log
# Journal file: D:/decoder_38\vivado.jou
#-----------------------------------------------------------
start_gui
open_project D:/decoder_38/decoder_38.xpr
CRITICAL WARNING: [Project 1-19] Could not find the file 'D:/diglogic-2021/pkg/实验1 3-8译码器实现/decoder_38/decoder_38.v'.
CRITICAL WARNING: [Project 1-19] Could not find the file 'D:/diglogic-2021/pkg/实验1 3-8译码器实现/decoder_38/testbench.v'.
Scanning sources...
Finished scanning sources
INFO: [IP_Flow 19-234] Refreshing IP repositories
INFO: [IP_Flow 19-1704] No user IP repositories specified
INFO: [IP_Flow 19-2313] Loaded Vivado IP repository 'C:/Xilinx/Vivado/2018.3/data/ip'.
update_compile_order -fileset sources_1
update_compile_order -fileset sim_1
update_compile_order -fileset sim_1
update_compile_order -fileset sources_1
exit
INFO: [Common 17-206] Exiting Vivado at Mon Nov  1 12:26:07 2021...
