Copyright 1986-2018 Xilinx, Inc. All Rights Reserved.
-------------------------------------------------------------------------------------------
| Tool Version : Vivado v.2018.3 (win64) Build 2405991 Thu Dec  6 23:38:27 MST 2018
| Date         : Mon Nov  8 15:09:33 2021
| Host         : 614-43 running 64-bit major release  (build 9200)
| Command      : report_control_sets -verbose -file holiday_lights_control_sets_placed.rpt
| Design       : holiday_lights
| Device       : xc7a100t
-------------------------------------------------------------------------------------------

Control Set Information

Table of Contents
-----------------
1. Summary
2. Histogram
3. Flip-Flop Distribution
4. Detailed Control Set Information

1. Summary
----------

+----------------------------------------------------------+-------+
|                          Status                          | Count |
+----------------------------------------------------------+-------+
| Number of unique control sets                            |     4 |
| Unused register locations in slices containing registers |    15 |
+----------------------------------------------------------+-------+


2. Histogram
------------

+--------+--------------+
| Fanout | Control Sets |
+--------+--------------+
|      1 |            2 |
|    16+ |            2 |
+--------+--------------+


3. Flip-Flop Distribution
-------------------------

+--------------+-----------------------+------------------------+-----------------+--------------+
| Clock Enable | Synchronous Set/Reset | Asynchronous Set/Reset | Total Registers | Total Slices |
+--------------+-----------------------+------------------------+-----------------+--------------+
| No           | No                    | No                     |               1 |            1 |
| No           | No                    | Yes                    |               0 |            0 |
| No           | Yes                   | No                     |               0 |            0 |
| Yes          | No                    | No                     |               0 |            0 |
| Yes          | No                    | Yes                    |              17 |            9 |
| Yes          | Yes                   | No                     |              31 |            8 |
+--------------+-----------------------+------------------------+-----------------+--------------+


4. Detailed Control Set Information
-----------------------------------

+----------------+-----------------+------------------+------------------+----------------+
|  Clock Signal  |  Enable Signal  | Set/Reset Signal | Slice Load Count | Bel Load Count |
+----------------+-----------------+------------------+------------------+----------------+
|  clk_IBUF_BUFG |                 |                  |                1 |              1 |
|  clk_IBUF_BUFG | button_IBUF     | rst_IBUF         |                1 |              1 |
|  clk_IBUF_BUFG | led[15]_i_1_n_0 | rst_IBUF         |                8 |             16 |
|  clk_IBUF_BUFG | flag            | cnt[31]_i_1_n_0  |                8 |             31 |
+----------------+-----------------+------------------+------------------+----------------+


