Copyright 1986-2018 Xilinx, Inc. All Rights Reserved.
-------------------------------------------------------------------------------------------
| Tool Version : Vivado v.2018.3 (win64) Build 2405991 Thu Dec  6 23:38:27 MST 2018
| Date         : Mon Dec 13 19:17:10 2021
| Host         : 614-10 running 64-bit major release  (build 9200)
| Command      : report_control_sets -verbose -file calculator_top_control_sets_placed.rpt
| Design       : calculator_top
| Device       : xc7a100t
-------------------------------------------------------------------------------------------

Control Set Information

Table of Contents
-----------------
1. Summary
2. Histogram
3. Flip-Flop Distribution
4. Detailed Control Set Information

1. Summary
----------

+----------------------------------------------------------+-------+
|                          Status                          | Count |
+----------------------------------------------------------+-------+
| Number of unique control sets                            |     5 |
| Unused register locations in slices containing registers |    10 |
+----------------------------------------------------------+-------+


2. Histogram
------------

+--------+--------------+
| Fanout | Control Sets |
+--------+--------------+
|      4 |            1 |
|    16+ |            4 |
+--------+--------------+


3. Flip-Flop Distribution
-------------------------

+--------------+-----------------------+------------------------+-----------------+--------------+
| Clock Enable | Synchronous Set/Reset | Asynchronous Set/Reset | Total Registers | Total Slices |
+--------------+-----------------------+------------------------+-----------------+--------------+
| No           | No                    | No                     |               0 |            0 |
| No           | No                    | Yes                    |              26 |            7 |
| No           | Yes                   | No                     |               0 |            0 |
| Yes          | No                    | No                     |               0 |            0 |
| Yes          | No                    | Yes                    |              52 |           24 |
| Yes          | Yes                   | No                     |              32 |           11 |
+--------------+-----------------------+------------------------+-----------------+--------------+


4. Detailed Control Set Information
-----------------------------------

+--------------------------+-----------------------------------------+------------------------------------------+------------------+----------------+
|       Clock Signal       |              Enable Signal              |             Set/Reset Signal             | Slice Load Count | Bel Load Count |
+--------------------------+-----------------------------------------+------------------------------------------+------------------+----------------+
|  u_clk_div/inst/clk_out1 | u_calculator_display/switch[3]_i_1_n_0  | rst_IBUF                                 |                2 |              4 |
|  u_clk_div/inst/clk_out1 | u_calculator_display/led_en[7]_i_1_n_0  | rst_IBUF                                 |                4 |             16 |
|  u_clk_div/inst/clk_out1 |                                         | rst_IBUF                                 |                7 |             26 |
|  u_clk_div/inst/clk_out1 | u_calculator_display/ena                | u_calculator_display/cnt_num[31]_i_1_n_0 |               11 |             32 |
|  u_clk_div/inst/clk_out1 | u_calculator_hex/cal_result[31]_i_1_n_0 | rst_IBUF                                 |               18 |             32 |
+--------------------------+-----------------------------------------+------------------------------------------+------------------+----------------+


